<?xml version="1.0" encoding="UTF-8"?>
<testng-results ignored="0" total="6" passed="5" failed="1" skipped="0">
  <reporter-output>
  </reporter-output>
  <suite started-at="2020-03-03T15:41:26 EET" name="Default suite" finished-at="2020-03-03T15:41:29 EET" duration-ms="2390">
    <groups>
    </groups>
    <test started-at="2020-03-03T15:41:26 EET" name="Default test" finished-at="2020-03-03T15:41:29 EET" duration-ms="2390">
      <class name="defaultNG.CustomerControllerTest">
        <test-method is-config="true" signature="Setup()[pri:0, instance:defaultNG.CustomerControllerTest@10db82ae]" started-at="2020-03-03T15:41:26 EET" name="Setup" finished-at="2020-03-03T15:41:27 EET" duration-ms="434" status="PASS">
          <reporter-output>
          </reporter-output>
        </test-method> <!-- Setup -->
        <test-method signature="CompareCustomersAPIdataWithDatabase()[pri:0, instance:defaultNG.CustomerControllerTest@10db82ae]" started-at="2020-03-03T15:41:27 EET" name="CompareCustomersAPIdataWithDatabase" finished-at="2020-03-03T15:41:28 EET" duration-ms="1677" status="FAIL">
          <exception class="java.io.FileNotFoundException">
            <message>
              <![CDATA[customers.csv (The system cannot find the file specified)]]>
            </message>
            <full-stacktrace>
              <![CDATA[java.io.FileNotFoundException: customers.csv (The system cannot find the file specified)
at java.base/java.io.FileInputStream.open0(Native Method)
at java.base/java.io.FileInputStream.open(FileInputStream.java:213)
at java.base/java.io.FileInputStream.<init>(FileInputStream.java:155)
at java.base/java.io.FileInputStream.<init>(FileInputStream.java:110)
at java.base/java.io.FileReader.<init>(FileReader.java:60)
at defaultNG.CustomerControllerTest.CompareCustomersAPIdataWithDatabase(CustomerControllerTest.java:145)
at java.base/jdk.internal.reflect.NativeMethodAccessorImpl.invoke0(Native Method)
at java.base/jdk.internal.reflect.NativeMethodAccessorImpl.invoke(NativeMethodAccessorImpl.java:62)
at java.base/jdk.internal.reflect.DelegatingMethodAccessorImpl.invoke(DelegatingMethodAccessorImpl.java:43)
at java.base/java.lang.reflect.Method.invoke(Method.java:567)
at org.testng.internal.MethodInvocationHelper.invokeMethod(MethodInvocationHelper.java:133)
at org.testng.internal.TestInvoker.invokeMethod(TestInvoker.java:584)
at org.testng.internal.TestInvoker.invokeTestMethod(TestInvoker.java:172)
at org.testng.internal.MethodRunner.runInSequence(MethodRunner.java:46)
at org.testng.internal.TestInvoker$MethodInvocationAgent.invoke(TestInvoker.java:804)
at org.testng.internal.TestInvoker.invokeTestMethods(TestInvoker.java:145)
at org.testng.internal.TestMethodWorker.invokeTestMethods(TestMethodWorker.java:146)
at org.testng.internal.TestMethodWorker.run(TestMethodWorker.java:128)
at java.base/java.util.ArrayList.forEach(ArrayList.java:1507)
at org.testng.TestRunner.privateRun(TestRunner.java:770)
at org.testng.TestRunner.run(TestRunner.java:591)
at org.testng.SuiteRunner.runTest(SuiteRunner.java:402)
at org.testng.SuiteRunner.runSequentially(SuiteRunner.java:396)
at org.testng.SuiteRunner.privateRun(SuiteRunner.java:355)
at org.testng.SuiteRunner.run(SuiteRunner.java:304)
at org.testng.SuiteRunnerWorker.runSuite(SuiteRunnerWorker.java:53)
at org.testng.SuiteRunnerWorker.run(SuiteRunnerWorker.java:96)
at org.testng.TestNG.runSuitesSequentially(TestNG.java:1180)
at org.testng.TestNG.runSuitesLocally(TestNG.java:1102)
at org.testng.TestNG.runSuites(TestNG.java:1032)
at org.testng.TestNG.run(TestNG.java:1000)
at org.testng.remote.AbstractRemoteTestNG.run(AbstractRemoteTestNG.java:115)
at org.testng.remote.RemoteTestNG.initAndRun(RemoteTestNG.java:251)
at org.testng.remote.RemoteTestNG.main(RemoteTestNG.java:77)
]]>
            </full-stacktrace>
          </exception> <!-- java.io.FileNotFoundException -->
          <reporter-output>
          </reporter-output>
        </test-method> <!-- CompareCustomersAPIdataWithDatabase -->
        <test-method signature="GetCustomers()[pri:0, instance:defaultNG.CustomerControllerTest@10db82ae]" started-at="2020-03-03T15:41:28 EET" name="GetCustomers" finished-at="2020-03-03T15:41:28 EET" duration-ms="27" status="PASS">
          <reporter-output>
          </reporter-output>
        </test-method> <!-- GetCustomers -->
        <test-method signature="GetCustomersEmptyID()[pri:0, instance:defaultNG.CustomerControllerTest@10db82ae]" started-at="2020-03-03T15:41:28 EET" name="GetCustomersEmptyID" finished-at="2020-03-03T15:41:29 EET" duration-ms="121" status="PASS">
          <reporter-output>
          </reporter-output>
        </test-method> <!-- GetCustomersEmptyID -->
        <test-method signature="GetCustomersInvalidID()[pri:0, instance:defaultNG.CustomerControllerTest@10db82ae]" started-at="2020-03-03T15:41:29 EET" name="GetCustomersInvalidID" finished-at="2020-03-03T15:41:29 EET" duration-ms="21" status="PASS">
          <reporter-output>
          </reporter-output>
        </test-method> <!-- GetCustomersInvalidID -->
        <test-method signature="GetCustomersNotExistingID()[pri:0, instance:defaultNG.CustomerControllerTest@10db82ae]" started-at="2020-03-03T15:41:29 EET" name="GetCustomersNotExistingID" finished-at="2020-03-03T15:41:29 EET" duration-ms="11" status="PASS">
          <reporter-output>
          </reporter-output>
        </test-method> <!-- GetCustomersNotExistingID -->
        <test-method signature="RegistrationSuccessful()[pri:0, instance:defaultNG.CustomerControllerTest@10db82ae]" started-at="2020-03-03T15:41:29 EET" name="RegistrationSuccessful" finished-at="2020-03-03T15:41:29 EET" duration-ms="58" status="PASS">
          <reporter-output>
          </reporter-output>
        </test-method> <!-- RegistrationSuccessful -->
      </class> <!-- defaultNG.CustomerControllerTest -->
    </test> <!-- Default test -->
  </suite> <!-- Default suite -->
</testng-results>
